TN:
SF:server\simulator.js
FN:17,(anonymous_0)
FN:20,(anonymous_1)
FN:31,tick
FN:32,(anonymous_3)
FN:37,(anonymous_4)
FN:46,buildSnapshot
FN:47,(anonymous_6)
FN:53,(anonymous_7)
FN:67,startSimulator
FN:69,(anonymous_9)
FNF:10
FNH:0
FNDA:0,(anonymous_0)
FNDA:0,(anonymous_1)
FNDA:0,tick
FNDA:0,(anonymous_3)
FNDA:0,(anonymous_4)
FNDA:0,buildSnapshot
FNDA:0,(anonymous_6)
FNDA:0,(anonymous_7)
FNDA:0,startSimulator
FNDA:0,(anonymous_9)
DA:9,0
DA:10,0
DA:13,0
DA:14,0
DA:17,0
DA:18,0
DA:20,0
DA:21,0
DA:25,0
DA:26,0
DA:32,0
DA:33,0
DA:34,0
DA:37,0
DA:38,0
DA:39,0
DA:47,0
DA:48,0
DA:49,0
DA:50,0
DA:53,0
DA:60,0
DA:68,0
DA:69,0
DA:70,0
DA:71,0
DA:75,0
LF:27
LH:0
BRDA:34,0,0,0
BRDA:34,0,1,0
BRDA:39,1,0,0
BRDA:39,1,1,0
BRDA:48,2,0,0
BRDA:48,2,1,0
BRDA:55,3,0,0
BRDA:55,3,1,0
BRDA:56,4,0,0
BRDA:56,4,1,0
BRDA:57,5,0,0
BRDA:57,5,1,0
BRF:12
BRH:0
end_of_record
TN:
SF:server\middleware\auth.js
FN:10,requireAuth
FN:30,requireRole
FN:31,(anonymous_2)
FNF:3
FNH:0
FNDA:0,requireAuth
FNDA:0,requireRole
FNDA:0,(anonymous_2)
DA:3,0
DA:4,0
DA:11,0
DA:12,0
DA:13,0
DA:14,0
DA:16,0
DA:17,0
DA:18,0
DA:19,0
DA:21,0
DA:22,0
DA:31,0
DA:32,0
DA:33,0
DA:34,0
DA:36,0
DA:40,0
LF:18
LH:0
BRDA:12,0,0,0
BRDA:12,0,1,0
BRDA:13,1,0,0
BRDA:13,1,1,0
BRDA:32,2,0,0
BRDA:32,2,1,0
BRDA:32,2,2,0
BRDA:33,3,0,0
BRDA:33,3,1,0
BRF:9
BRH:0
end_of_record
TN:
SF:server\middleware\rateLimit.js
FN:8,createApiLimiter
FN:21,createGeminiLimiter
FN:34,createAuthLimiter
FNF:3
FNH:0
FNDA:0,createApiLimiter
FNDA:0,createGeminiLimiter
FNDA:0,createAuthLimiter
DA:3,0
DA:9,0
DA:22,0
DA:35,0
DA:44,0
LF:5
LH:0
BRF:0
BRH:0
end_of_record
TN:
SF:server\middleware\validation.js
FN:8,handleValidationErrors
FNF:1
FNH:0
FNDA:0,handleValidationErrors
DA:3,0
DA:9,0
DA:10,0
DA:11,0
DA:13,0
DA:17,0
DA:24,0
DA:34,0
DA:40,0
LF:9
LH:0
BRDA:10,0,0,0
BRDA:10,0,1,0
BRF:2
BRH:0
end_of_record
TN:
SF:server\routes\auth.js
FN:15,(anonymous_0)
FN:46,(anonymous_1)
FNF:2
FNH:0
FNDA:0,(anonymous_0)
FNDA:0,(anonymous_1)
DA:3,0
DA:4,0
DA:5,0
DA:6,0
DA:8,0
DA:15,0
DA:16,0
DA:17,0
DA:18,0
DA:19,0
DA:21,0
DA:22,0
DA:23,0
DA:25,0
DA:26,0
DA:28,0
DA:36,0
DA:37,0
DA:46,0
DA:47,0
DA:59,0
LF:21
LH:0
BRDA:17,0,0,0
BRDA:17,0,1,0
BRDA:18,1,0,0
BRDA:18,1,1,0
BRDA:25,2,0,0
BRDA:25,2,1,0
BRDA:25,2,2,0
BRDA:48,3,0,0
BRDA:48,3,1,0
BRDA:49,4,0,0
BRDA:49,4,1,0
BRDA:50,5,0,0
BRDA:50,5,1,0
BRDA:51,6,0,0
BRDA:51,6,1,0
BRDA:52,7,0,0
BRDA:52,7,1,0
BRDA:53,8,0,0
BRDA:53,8,1,0
BRDA:54,9,0,0
BRDA:54,9,1,0
BRDA:55,10,0,0
BRDA:55,10,1,0
BRF:23
BRH:0
end_of_record
TN:
SF:server\routes\crowd.js
FN:25,(anonymous_0)
FN:27,(anonymous_1)
FN:40,(anonymous_2)
FN:42,(anonymous_3)
FN:55,(anonymous_4)
FN:58,(anonymous_5)
FN:73,(anonymous_6)
FN:84,(anonymous_7)
FN:94,(anonymous_8)
FN:105,(anonymous_9)
FNF:10
FNH:0
FNDA:0,(anonymous_0)
FNDA:0,(anonymous_1)
FNDA:0,(anonymous_2)
FNDA:0,(anonymous_3)
FNDA:0,(anonymous_4)
FNDA:0,(anonymous_5)
FNDA:0,(anonymous_6)
FNDA:0,(anonymous_7)
FNDA:0,(anonymous_8)
FNDA:0,(anonymous_9)
DA:3,0
DA:4,0
DA:5,0
DA:6,0
DA:7,0
DA:15,0
DA:16,0
DA:17,0
DA:18,0
DA:21,0
DA:22,0
DA:25,0
DA:26,0
DA:27,0
DA:28,0
DA:29,0
DA:30,0
DA:32,0
DA:34,0
DA:35,0
DA:40,0
DA:41,0
DA:42,0
DA:43,0
DA:44,0
DA:45,0
DA:47,0
DA:49,0
DA:50,0
DA:55,0
DA:56,0
DA:57,0
DA:58,0
DA:59,0
DA:64,0
DA:65,0
DA:67,0
DA:68,0
DA:73,0
DA:74,0
DA:75,0
DA:76,0
DA:84,0
DA:86,0
DA:88,0
DA:89,0
DA:94,0
DA:95,0
DA:96,0
DA:97,0
DA:98,0
DA:99,0
DA:101,0
DA:103,0
DA:105,0
DA:115,0
LF:56
LH:0
BRDA:21,0,0,0
BRDA:21,0,1,0
BRDA:22,1,0,0
BRDA:22,1,1,0
BRDA:28,2,0,0
BRDA:28,2,1,0
BRDA:43,3,0,0
BRDA:43,3,1,0
BRDA:44,4,0,0
BRDA:44,4,1,0
BRDA:60,5,0,0
BRDA:60,5,1,0
BRDA:61,6,0,0
BRDA:61,6,1,0
BRDA:97,7,0,0
BRDA:97,7,1,0
BRDA:104,8,0,0
BRDA:104,8,1,0
BRF:18
BRH:0
end_of_record
TN:
SF:server\routes\gemini.js
FN:18,(anonymous_0)
FN:28,(anonymous_1)
FN:49,(anonymous_2)
FNF:3
FNH:0
FNDA:0,(anonymous_0)
FNDA:0,(anonymous_1)
FNDA:0,(anonymous_2)
DA:3,0
DA:4,0
DA:5,0
DA:6,0
DA:7,0
DA:8,0
DA:9,0
DA:11,0
DA:18,0
DA:19,0
DA:20,0
DA:23,0
DA:24,0
DA:25,0
DA:26,0
DA:28,0
DA:29,0
DA:32,0
DA:33,0
DA:35,0
DA:36,0
DA:37,0
DA:39,0
DA:40,0
DA:49,0
DA:50,0
DA:51,0
DA:52,0
DA:53,0
DA:54,0
DA:56,0
DA:57,0
DA:61,0
LF:33
LH:0
BRDA:36,0,0,0
BRDA:36,0,1,0
BRF:2
BRH:0
end_of_record
TN:
SF:server\routes\health.js
FN:10,(anonymous_0)
FN:34,(anonymous_1)
FNF:2
FNH:0
FNDA:0,(anonymous_0)
FNDA:0,(anonymous_1)
DA:3,0
DA:4,0
DA:10,0
DA:11,0
DA:14,0
DA:15,0
DA:16,0
DA:17,0
DA:19,0
DA:23,0
DA:26,0
DA:29,0
DA:32,0
DA:34,0
DA:36,0
DA:45,0
LF:16
LH:0
BRDA:23,0,0,0
BRDA:23,0,1,0
BRDA:26,1,0,0
BRDA:26,1,1,0
BRDA:29,2,0,0
BRDA:29,2,1,0
BRDA:32,3,0,0
BRDA:32,3,1,0
BRDA:34,4,0,0
BRDA:34,4,1,0
BRDA:36,5,0,0
BRDA:36,5,1,0
BRDA:37,6,0,0
BRDA:37,6,1,0
BRF:14
BRH:0
end_of_record
TN:
SF:server\services\bigquery.js
FN:11,getBQ
FN:25,getHistoricalDensity
FN:51,getStadiumPeakHours
FN:70,logCrowdEvent
FNF:4
FNH:0
FNDA:0,getBQ
FNDA:0,getHistoricalDensity
FNDA:0,getStadiumPeakHours
FNDA:0,logCrowdEvent
DA:8,0
DA:12,0
DA:13,0
DA:16,0
DA:17,0
DA:26,0
DA:39,0
DA:44,0
DA:52,0
DA:62,0
DA:63,0
DA:71,0
DA:72,0
DA:73,0
DA:84,0
LF:15
LH:0
BRDA:12,0,0,0
BRDA:12,0,1,0
BRDA:16,1,0,0
BRDA:16,1,1,0
BRDA:17,2,0,0
BRDA:17,2,1,0
BRDA:25,3,0,0
BRDA:78,4,0,0
BRDA:78,4,1,0
BRF:9
BRH:0
end_of_record
TN:
SF:server\services\firebase-admin.js
FN:25,(anonymous_0)
FN:26,(anonymous_1)
FN:27,(anonymous_2)
FN:28,(anonymous_3)
FN:35,getZoneData
FN:47,updateZoneCount
FN:61,batchUpdateZones
FN:81,logCheckIn
FN:97,onZoneSnapshot
FN:98,(anonymous_9)
FN:108,verifyToken
FN:117,getAllZones
FN:119,(anonymous_12)
FN:126,getAllGates
FN:128,(anonymous_14)
FNF:15
FNH:0
FNDA:0,(anonymous_0)
FNDA:0,(anonymous_1)
FNDA:0,(anonymous_2)
FNDA:0,(anonymous_3)
FNDA:0,getZoneData
FNDA:0,updateZoneCount
FNDA:0,batchUpdateZones
FNDA:0,logCheckIn
FNDA:0,onZoneSnapshot
FNDA:0,(anonymous_9)
FNDA:0,verifyToken
FNDA:0,getAllZones
FNDA:0,(anonymous_12)
FNDA:0,getAllGates
FNDA:0,(anonymous_14)
DA:9,0
DA:10,0
DA:13,0
DA:14,0
DA:21,0
DA:22,0
DA:25,0
DA:26,0
DA:27,0
DA:28,0
DA:36,0
DA:37,0
DA:38,0
DA:48,0
DA:49,0
DA:50,0
DA:51,0
DA:62,0
DA:63,0
DA:64,0
DA:65,0
DA:66,0
DA:67,0
DA:73,0
DA:82,0
DA:83,0
DA:84,0
DA:88,0
DA:98,0
DA:99,0
DA:109,0
DA:118,0
DA:119,0
DA:127,0
DA:128,0
DA:131,0
LF:36
LH:0
BRDA:13,0,0,0
BRDA:13,0,1,0
BRDA:37,1,0,0
BRDA:37,1,1,0
BRDA:48,2,0,0
BRDA:48,2,1,0
BRDA:49,3,0,0
BRDA:49,3,1,0
BRDA:62,4,0,0
BRDA:62,4,1,0
BRDA:62,5,0,0
BRDA:62,5,1,0
BRDA:65,6,0,0
BRDA:65,6,1,0
BRDA:82,7,0,0
BRDA:82,7,1,0
BRDA:83,8,0,0
BRDA:83,8,1,0
BRDA:99,9,0,0
BRDA:99,9,1,0
BRDA:117,10,0,0
BRF:21
BRH:0
end_of_record
TN:
SF:server\services\gemini.js
FN:29,getModel
FN:48,sanitizeUserQuery
FN:63,buildGateRecommendationPrompt
FN:65,(anonymous_3)
FN:84,buildAnnouncementPrompt
FN:99,generateRecommendation
FN:117,generateAnnouncement
FNF:7
FNH:7
FNDA:5,getModel
FNDA:9,sanitizeUserQuery
FNDA:3,buildGateRecommendationPrompt
FNDA:2,(anonymous_3)
FNDA:4,buildAnnouncementPrompt
FNDA:3,generateRecommendation
FNDA:2,generateAnnouncement
DA:9,1
DA:11,1
DA:12,1
DA:14,1
DA:21,1
DA:30,5
DA:31,5
DA:32,5
DA:34,0
DA:35,0
DA:40,0
DA:49,9
DA:50,7
DA:64,3
DA:65,2
DA:68,3
DA:85,4
DA:100,3
DA:101,3
DA:103,3
DA:104,0
DA:105,0
DA:106,0
DA:118,2
DA:119,2
DA:120,2
DA:121,0
DA:124,2
DA:129,1
LF:29
LH:22
BRDA:11,0,0,1
BRDA:11,0,1,1
BRDA:30,1,0,5
BRDA:30,1,1,0
BRDA:31,2,0,5
BRDA:31,2,1,0
BRDA:49,3,0,2
BRDA:49,3,1,7
BRDA:49,4,0,9
BRDA:49,4,1,8
BRDA:64,5,0,1
BRDA:64,5,1,2
BRDA:73,6,0,3
BRDA:73,6,1,0
BRDA:106,7,0,0
BRDA:106,7,1,0
BRF:16
BRH:11
end_of_record
TN:
SF:server\services\pubsub.js
FN:11,getPubSub
FN:29,publishEvent
FN:47,publishGateScan
FN:55,publishCrowdAlert
FN:63,publishCrowdUpdate
FNF:5
FNH:0
FNDA:0,getPubSub
FNDA:0,publishEvent
FNDA:0,publishGateScan
FNDA:0,publishCrowdAlert
FNDA:0,publishCrowdUpdate
DA:8,0
DA:12,0
DA:13,0
DA:16,0
DA:30,0
DA:31,0
DA:32,0
DA:40,0
DA:48,0
DA:56,0
DA:64,0
DA:67,0
LF:12
LH:0
BRDA:12,0,0,0
BRDA:12,0,1,0
BRDA:17,1,0,0
BRDA:17,1,1,0
BRDA:18,2,0,0
BRDA:18,2,1,0
BRDA:19,3,0,0
BRDA:19,3,1,0
BRDA:29,4,0,0
BRF:9
BRH:0
end_of_record
TN:
SF:server\utils\crowd.js
FN:38,calculateDensity
FN:52,estimateWaitTime
FN:66,recommendGate
FN:68,(anonymous_3)
FN:69,(anonymous_4)
FN:74,(anonymous_5)
FN:98,calculateFlowRate
FN:102,(anonymous_7)
FN:114,predictTimeToFill
FN:128,getAlertLevel
FN:139,calculateAverageDensity
FN:142,(anonymous_11)
FN:152,checkZoneThreshold
FN:168,generateCrowdAnnouncement
FN:170,(anonymous_14)
FNF:15
FNH:15
FNDA:13,calculateDensity
FNDA:17,estimateWaitTime
FNDA:6,recommendGate
FNDA:11,(anonymous_3)
FNDA:9,(anonymous_4)
FNDA:6,(anonymous_5)
FNDA:4,calculateFlowRate
FNDA:210,(anonymous_7)
FNDA:7,predictTimeToFill
FNDA:15,getAlertLevel
FNDA:4,calculateAverageDensity
FNDA:6,(anonymous_11)
FNDA:4,checkZoneThreshold
FNDA:4,generateCrowdAnnouncement
FNDA:8,(anonymous_14)
DA:12,1
DA:22,1
DA:39,13
DA:40,13
DA:41,12
DA:42,11
DA:53,17
DA:54,16
DA:55,16
DA:56,15
DA:57,13
DA:67,6
DA:68,11
DA:69,9
DA:74,6
DA:76,6
DA:78,5
DA:79,5
DA:80,5
DA:82,5
DA:99,4
DA:100,2
DA:101,2
DA:102,210
DA:103,2
DA:115,7
DA:116,5
DA:117,5
DA:118,4
DA:119,4
DA:120,2
DA:129,15
DA:130,11
DA:131,7
DA:140,4
DA:141,4
DA:142,6
DA:153,4
DA:154,4
DA:155,4
DA:169,4
DA:170,8
DA:171,4
DA:172,1
DA:174,3
DA:175,1
DA:177,2
DA:180,1
LF:48
LH:48
BRDA:40,0,0,1
BRDA:40,0,1,12
BRDA:40,1,0,13
BRDA:40,1,1,12
BRDA:41,2,0,1
BRDA:41,2,1,11
BRDA:53,3,0,1
BRDA:53,3,1,16
BRDA:55,4,0,1
BRDA:55,4,1,15
BRDA:56,5,0,2
BRDA:56,5,1,13
BRDA:76,6,0,1
BRDA:76,6,1,5
BRDA:86,7,0,2
BRDA:86,7,1,3
BRDA:98,8,0,3
BRDA:99,9,0,2
BRDA:99,9,1,2
BRDA:99,10,0,4
BRDA:99,10,1,3
BRDA:115,11,0,2
BRDA:115,11,1,5
BRDA:117,12,0,1
BRDA:117,12,1,4
BRDA:119,13,0,2
BRDA:119,13,1,2
BRDA:129,14,0,4
BRDA:129,14,1,11
BRDA:130,15,0,4
BRDA:130,15,1,7
BRDA:141,16,0,1
BRDA:141,16,1,3
BRDA:152,17,0,3
BRDA:171,18,0,1
BRDA:171,18,1,3
BRDA:174,19,0,1
BRDA:174,19,1,2
BRF:38
BRH:38
end_of_record
TN:
SF:server\utils\logger.js
FN:13,getCloudLogger
FN:31,writeLog
FN:58,(anonymous_2)
FN:59,(anonymous_3)
FN:60,(anonymous_4)
FN:61,(anonymous_5)
FNF:6
FNH:0
FNDA:0,getCloudLogger
FNDA:0,writeLog
FNDA:0,(anonymous_2)
FNDA:0,(anonymous_3)
FNDA:0,(anonymous_4)
FNDA:0,(anonymous_5)
DA:9,0
DA:14,0
DA:15,0
DA:16,0
DA:17,0
DA:18,0
DA:20,0
DA:22,0
DA:32,0
DA:40,0
DA:41,0
DA:42,0
DA:43,0
DA:44,0
DA:45,0
DA:46,0
DA:53,0
DA:54,0
DA:57,0
DA:58,0
DA:59,0
DA:60,0
DA:61,0
DA:64,0
LF:24
LH:0
BRDA:14,0,0,0
BRDA:14,0,1,0
BRDA:31,1,0,0
BRDA:40,2,0,0
BRDA:40,2,1,0
BRDA:43,3,0,0
BRDA:43,3,1,0
BRDA:53,4,0,0
BRDA:53,4,1,0
BRDA:53,5,0,0
BRDA:53,5,1,0
BRF:11
BRH:0
end_of_record
